c:\git\github\haskell\winghci\winghci\debug\vc142.pdb
c:\git\github\haskell\winghci\winghci\debug\vc142.idb
c:\git\github\haskell\winghci\winghci\debug\combo.obj
c:\git\github\haskell\winghci\winghci\debug\dlgabout.obj
c:\git\github\haskell\winghci\winghci\debug\dlgopts.obj
c:\git\github\haskell\winghci\winghci\debug\dlgtools.obj
c:\git\github\haskell\winghci\winghci\debug\general.obj
c:\git\github\haskell\winghci\winghci\debug\history.obj
c:\git\github\haskell\winghci\winghci\debug\mrufiles.obj
c:\git\github\haskell\winghci\winghci\debug\registry.obj
c:\git\github\haskell\winghci\winghci\debug\rtfwindow.obj
c:\git\github\haskell\winghci\winghci\debug\strings.obj
c:\git\github\haskell\winghci\winghci\debug\toolbar.obj
c:\git\github\haskell\winghci\winghci\debug\utf8.obj
c:\git\github\haskell\winghci\winghci\debug\winghci.obj
c:\git\github\haskell\winghci\winghci\debug\wndmain.obj
c:\git\github\haskell\winghci\debug\winghci.ilk
c:\git\github\haskell\winghci\debug\winghci.exe
c:\git\github\haskell\winghci\debug\winghci.pdb
c:\git\github\haskell\winghci\winghci\debug\winghci.res
c:\git\github\haskell\winghci\winghci\debug\winghci.tlog\cl.command.1.tlog
c:\git\github\haskell\winghci\winghci\debug\winghci.tlog\cl.read.1.tlog
c:\git\github\haskell\winghci\winghci\debug\winghci.tlog\cl.write.1.tlog
c:\git\github\haskell\winghci\winghci\debug\winghci.tlog\link.command.1.tlog
c:\git\github\haskell\winghci\winghci\debug\winghci.tlog\link.read.1.tlog
c:\git\github\haskell\winghci\winghci\debug\winghci.tlog\link.write.1.tlog
c:\git\github\haskell\winghci\winghci\debug\winghci.tlog\rc.command.1.tlog
c:\git\github\haskell\winghci\winghci\debug\winghci.tlog\rc.read.1.tlog
c:\git\github\haskell\winghci\winghci\debug\winghci.tlog\rc.write.1.tlog
